<?xml version="1.0" encoding="UTF-8"?>
<!-- Generated by org.testng.reporters.JUnitReportReporter -->
<testsuite skipped="1" hostname="Sumit-QA" name="ConvergHub_TestCases.LeadPageTest" tests="3" failures="0" timestamp="12 Jan 2021 18:38:44 GMT" time="76.136" errors="1">
  <testcase name="setUp" time="75.301" classname="ConvergHub_TestCases.LeadPageTest">
    <error type="org.openqa.selenium.WebDriverException" message="unknown error: Chrome failed to start: exited normally.
  (chrome not reachable)
  (The process started from chrome location C:\Program Files (x86)\Google\Chrome\Application\chrome.exe is no longer running, so ChromeDriver is assuming that Chrome has crashed.)
Build info: version: &#039;3.141.59&#039;, revision: &#039;e82be7d358&#039;, time: &#039;2018-11-14T08:17:03&#039;
System info: host: &#039;SUMIT-QA&#039;, ip: &#039;192.168.56.1&#039;, os.name: &#039;Windows 10&#039;, os.arch: &#039;amd64&#039;, os.version: &#039;10.0&#039;, java.version: &#039;1.8.0_271&#039;
Driver info: driver.version: ChromeDriver
remote stacktrace: Backtrace:
	Ordinal0 [0x0086C013+3194899]
	Ordinal0 [0x00756021+2056225]
	Ordinal0 [0x005EF608+587272]
	Ordinal0 [0x0056E5D2+58834]
	Ordinal0 [0x0056C64A+50762]
	Ordinal0 [0x00591EE9+204521]
	Ordinal0 [0x00591D0D+204045]
	Ordinal0 [0x0058FC1B+195611]
	Ordinal0 [0x00573B7F+80767]
	Ordinal0 [0x00574B4E+84814]
	Ordinal0 [0x00574AD9+84697]
	Ordinal0 [0x0076CE64+2149988]
	GetHandleVerifier [0x009DBE95+1400773]
	GetHandleVerifier [0x009DBB61+1399953]
	GetHandleVerifier [0x009E31FA+1430314]
	GetHandleVerifier [0x009DC69F+1402831]
	Ordinal0 [0x00763D61+2112865]
	Ordinal0 [0x0076E5CB+2155979]
	Ordinal0 [0x0076E6F5+2156277]
	Ordinal0 [0x0077F26E+2224750]
	BaseThreadInitThunk [0x7786FA29+25]
	RtlGetAppContainerNamedObjectPath [0x77DF75F4+228]
	RtlGetAppContainerNamedObjectPath [0x77DF75C4+180]
">
      <![CDATA[org.openqa.selenium.WebDriverException: unknown error: Chrome failed to start: exited normally.
  (chrome not reachable)
  (The process started from chrome location C:\Program Files (x86)\Google\Chrome\Application\chrome.exe is no longer running, so ChromeDriver is assuming that Chrome has crashed.)
Build info: version: '3.141.59', revision: 'e82be7d358', time: '2018-11-14T08:17:03'
System info: host: 'SUMIT-QA', ip: '192.168.56.1', os.name: 'Windows 10', os.arch: 'amd64', os.version: '10.0', java.version: '1.8.0_271'
Driver info: driver.version: ChromeDriver
remote stacktrace: Backtrace:
Ordinal0 [0x0086C013+3194899]
Ordinal0 [0x00756021+2056225]
Ordinal0 [0x005EF608+587272]
Ordinal0 [0x0056E5D2+58834]
Ordinal0 [0x0056C64A+50762]
Ordinal0 [0x00591EE9+204521]
Ordinal0 [0x00591D0D+204045]
Ordinal0 [0x0058FC1B+195611]
Ordinal0 [0x00573B7F+80767]
Ordinal0 [0x00574B4E+84814]
Ordinal0 [0x00574AD9+84697]
Ordinal0 [0x0076CE64+2149988]
GetHandleVerifier [0x009DBE95+1400773]
GetHandleVerifier [0x009DBB61+1399953]
GetHandleVerifier [0x009E31FA+1430314]
GetHandleVerifier [0x009DC69F+1402831]
Ordinal0 [0x00763D61+2112865]
Ordinal0 [0x0076E5CB+2155979]
Ordinal0 [0x0076E6F5+2156277]
Ordinal0 [0x0077F26E+2224750]
BaseThreadInitThunk [0x7786FA29+25]
RtlGetAppContainerNamedObjectPath [0x77DF75F4+228]
RtlGetAppContainerNamedObjectPath [0x77DF75C4+180]

at sun.reflect.NativeConstructorAccessorImpl.newInstance0(Native Method)
at sun.reflect.NativeConstructorAccessorImpl.newInstance(Unknown Source)
at sun.reflect.DelegatingConstructorAccessorImpl.newInstance(Unknown Source)
at java.lang.reflect.Constructor.newInstance(Unknown Source)
at org.openqa.selenium.remote.W3CHandshakeResponse.lambda$errorHandler$0(W3CHandshakeResponse.java:62)
at org.openqa.selenium.remote.HandshakeResponse.lambda$getResponseFunction$0(HandshakeResponse.java:30)
at org.openqa.selenium.remote.ProtocolHandshake.lambda$createSession$0(ProtocolHandshake.java:126)
at java.util.stream.ReferencePipeline$3$1.accept(Unknown Source)
at java.util.Spliterators$ArraySpliterator.tryAdvance(Unknown Source)
at java.util.stream.ReferencePipeline.forEachWithCancel(Unknown Source)
at java.util.stream.AbstractPipeline.copyIntoWithCancel(Unknown Source)
at java.util.stream.AbstractPipeline.copyInto(Unknown Source)
at java.util.stream.AbstractPipeline.wrapAndCopyInto(Unknown Source)
at java.util.stream.FindOps$FindOp.evaluateSequential(Unknown Source)
at java.util.stream.AbstractPipeline.evaluate(Unknown Source)
at java.util.stream.ReferencePipeline.findFirst(Unknown Source)
at org.openqa.selenium.remote.ProtocolHandshake.createSession(ProtocolHandshake.java:128)
at org.openqa.selenium.remote.ProtocolHandshake.createSession(ProtocolHandshake.java:74)
at org.openqa.selenium.remote.HttpCommandExecutor.execute(HttpCommandExecutor.java:136)
at org.openqa.selenium.remote.service.DriverCommandExecutor.execute(DriverCommandExecutor.java:83)
at org.openqa.selenium.remote.RemoteWebDriver.execute(RemoteWebDriver.java:552)
at org.openqa.selenium.remote.RemoteWebDriver.startSession(RemoteWebDriver.java:213)
at org.openqa.selenium.remote.RemoteWebDriver.<init>(RemoteWebDriver.java:131)
at org.openqa.selenium.chrome.ChromeDriver.<init>(ChromeDriver.java:181)
at org.openqa.selenium.chrome.ChromeDriver.<init>(ChromeDriver.java:168)
at org.openqa.selenium.chrome.ChromeDriver.<init>(ChromeDriver.java:123)
at ConvergHub_Base.TestBase.initialization(TestBase.java:37)
at ConvergHub_TestCases.LeadPageTest.setUp(LeadPageTest.java:30)
at sun.reflect.NativeMethodAccessorImpl.invoke0(Native Method)
at sun.reflect.NativeMethodAccessorImpl.invoke(Unknown Source)
at sun.reflect.DelegatingMethodAccessorImpl.invoke(Unknown Source)
at java.lang.reflect.Method.invoke(Unknown Source)
at org.testng.internal.MethodInvocationHelper.invokeMethod(MethodInvocationHelper.java:124)
at org.testng.internal.MethodInvocationHelper.invokeMethodConsideringTimeout(MethodInvocationHelper.java:59)
at org.testng.internal.Invoker.invokeConfigurationMethod(Invoker.java:458)
at org.testng.internal.Invoker.invokeConfigurations(Invoker.java:222)
at org.testng.internal.Invoker.invokeMethod(Invoker.java:523)
at org.testng.internal.Invoker.invokeTestMethod(Invoker.java:719)
at org.testng.internal.Invoker.invokeTestMethods(Invoker.java:989)
at org.testng.internal.TestMethodWorker.invokeTestMethods(TestMethodWorker.java:125)
at org.testng.internal.TestMethodWorker.run(TestMethodWorker.java:109)
at org.testng.TestRunner.privateRun(TestRunner.java:648)
at org.testng.TestRunner.run(TestRunner.java:505)
at org.testng.SuiteRunner.runTest(SuiteRunner.java:455)
at org.testng.SuiteRunner.runSequentially(SuiteRunner.java:450)
at org.testng.SuiteRunner.privateRun(SuiteRunner.java:415)
at org.testng.SuiteRunner.run(SuiteRunner.java:364)
at org.testng.SuiteRunnerWorker.runSuite(SuiteRunnerWorker.java:52)
at org.testng.SuiteRunnerWorker.run(SuiteRunnerWorker.java:84)
at org.testng.TestNG.runSuitesSequentially(TestNG.java:1208)
at org.testng.TestNG.runSuitesLocally(TestNG.java:1137)
at org.testng.TestNG.runSuites(TestNG.java:1049)
at org.testng.TestNG.run(TestNG.java:1017)
at org.testng.remote.AbstractRemoteTestNG.run(AbstractRemoteTestNG.java:115)
at org.testng.remote.RemoteTestNG.initAndRun(RemoteTestNG.java:251)
at org.testng.remote.RemoteTestNG.main(RemoteTestNG.java:77)
]]>
    </error>
  </testcase> <!-- setUp -->
  <testcase name="IsNewLeadAddButtonVisibleTest" time="0.835" classname="ConvergHub_TestCases.LeadPageTest"/>
  <testcase name="CheckAddNewLeadFunction" time="0.000" classname="ConvergHub_TestCases.LeadPageTest">
    <skipped/>
  </testcase> <!-- CheckAddNewLeadFunction -->
</testsuite> <!-- ConvergHub_TestCases.LeadPageTest -->
